2024-04-09 18:54:03 prediction D:\Projects\BirdClassification\downloads\202404092140005910675.jpg ABYSSINIAN GROUND HORNBILL
2024-04-09 18:54:09 image_not_uploaded
2024-05-20 10:32:40 downloaded_image https://m.media-amazon.com/images/I/71hrBTIgLCL._AC_UF1000,1000_QL80_.jpg D:\Projects\BirdClassification\downloads\202405201432400715216.jpg
2024-05-20 10:38:20 prediction D:\Projects\BirdClassification\downloads\202404090205266492030.jpg RED FODY
2024-05-20 10:43:29 prediction D:\Projects\BirdClassification\downloads\202404090205266492030.jpg INDIGO BUNTING
2024-05-20 10:44:39 downloaded_image https://scx2.b-cdn.net/gfx/news/hires/2022/unravelling-the-myster.jpg D:\Projects\BirdClassification\downloads\202405201444395749808.jpg
2024-05-20 10:44:39 prediction D:\Projects\BirdClassification\downloads\202405201444395749808.jpg SCARLET MACAW
2024-05-20 10:45:23 downloaded_image https://i.natgeofe.com/n/c786002a-9d52-471c-8980-b0c9f5a5035b/parrots_02_3x2.JPG D:\Projects\BirdClassification\downloads\202405201445237955747.jpg
2024-05-20 10:45:23 prediction D:\Projects\BirdClassification\downloads\202405201445237955747.jpg ROSE BREASTED COCKATOO
2024-05-20 10:46:36 downloaded_image https://lh6.googleusercontent.com/BPVN3-xDvTYirToMKS3pAZLALXhn1Z6XgLpZ1HrnlOqmhJmi-SWOG7yQ_9_Ucn6VmtM7vvYztxga7YblK3IwqWQ_Rq9byGcPBVLJqfZD-RBFS399E5HkVWk6y14vh77XAxyE6nDhPRYnQdmIrg D:\Projects\BirdClassification\downloads\202405201446364634200.jpg
2024-05-20 10:46:36 prediction D:\Projects\BirdClassification\downloads\202405201446364634200.jpg ALEXANDRINE PARAKEET
2024-05-20 10:47:44 downloaded_image https://static.toiimg.com/thumb/msid-57323531,width-1280,height-720,resizemode-72/57323531.jpg D:\Projects\BirdClassification\downloads\202405201447444169606.jpg
2024-05-20 10:47:44 prediction D:\Projects\BirdClassification\downloads\202405201447444169606.jpg PEACOCK
2024-05-20 10:48:17 image_not_downloaded https://s3.animalia.bio/animals/photos/full/original/oZZdz930D0EXKBt9HM13.webp
2024-05-20 10:49:07 image_not_downloaded https://nepaldesk.com/sites/default/files/bird-photo/Asian Koel_4_0.jpg
2024-05-20 10:49:12 image_not_downloaded https://nepaldesk.com/sites/default/files/bird-photo/Asian Koel_4_0.jpg
2024-05-20 10:49:36 image_not_downloaded https://nepaldesk.com/sites/default/files/bird-photo/Asian Koel_4_0.jpg
2024-05-20 10:50:05 image_not_downloaded https://nepaldesk.com/sites/default/files/bird-photo/Asian Koel_4_0.jpg
2024-05-20 10:50:23 downloaded_image https://i.ytimg.com/vi/gUNnp33Xo40/hqdefault.jpg D:\Projects\BirdClassification\downloads\202405201450239017117.jpg
2024-05-20 10:50:24 prediction D:\Projects\BirdClassification\downloads\202405201450239017117.jpg FAIRY BLUEBIRD
2024-05-20 10:51:36 tag: Make (271) - type: string (2) Tag Location: 22 - Data Location: 146 - value: b'Canon\x00'
2024-05-20 10:51:36 tag: Model (272) - type: string (2) Tag Location: 34 - Data Location: 152 - value: b'Canon EOS-1D X Mark II\x00'
2024-05-20 10:51:36 tag: Orientation (274) - type: short (3) - value: b'\x01\x00'
2024-05-20 10:51:36 tag: XResolution (282) - type: rational (5) Tag Location: 58 - Data Location: 175 - value: b"\xc0\xc6-\x00\x10'\x00\x00"
2024-05-20 10:51:36 tag: YResolution (283) - type: rational (5) Tag Location: 70 - Data Location: 183 - value: b"\xc0\xc6-\x00\x10'\x00\x00"
2024-05-20 10:51:36 tag: ResolutionUnit (296) - type: short (3) - value: b'\x02\x00'
2024-05-20 10:51:36 tag: Software (305) - type: string (2) Tag Location: 94 - Data Location: 191 - value: <table: 34 bytes>
2024-05-20 10:51:36 tag: DateTime (306) - type: string (2) Tag Location: 106 - Data Location: 225 - value: b'2019:11:24 08:51:30\x00'
2024-05-20 10:51:36 tag: Artist (315) - type: string (2) Tag Location: 118 - Data Location: 245 - value: b'John Harrison\x00'
2024-05-20 10:51:36 tag: ExifIFD (34665) - type: long (4) - value: b'\x04\x01\x00\x00'
2024-05-20 10:51:36 tag: GPSInfoIFD (34853) - type: long (4) - value: b'X\x03\x00\x00'
2024-05-20 10:51:36 tag: Make (271) - type: string (2) Tag Location: 22 - Data Location: 146 - value: b'Canon\x00'
2024-05-20 10:51:36 tag: Model (272) - type: string (2) Tag Location: 34 - Data Location: 152 - value: b'Canon EOS-1D X Mark II\x00'
2024-05-20 10:51:36 tag: Orientation (274) - type: short (3) - value: b'\x01\x00'
2024-05-20 10:51:36 tag: XResolution (282) - type: rational (5) Tag Location: 58 - Data Location: 175 - value: b"\xc0\xc6-\x00\x10'\x00\x00"
2024-05-20 10:51:36 tag: YResolution (283) - type: rational (5) Tag Location: 70 - Data Location: 183 - value: b"\xc0\xc6-\x00\x10'\x00\x00"
2024-05-20 10:51:36 tag: ResolutionUnit (296) - type: short (3) - value: b'\x02\x00'
2024-05-20 10:51:36 tag: Software (305) - type: string (2) Tag Location: 94 - Data Location: 191 - value: <table: 34 bytes>
2024-05-20 10:51:36 tag: DateTime (306) - type: string (2) Tag Location: 106 - Data Location: 225 - value: b'2019:11:24 08:51:30\x00'
2024-05-20 10:51:36 tag: Artist (315) - type: string (2) Tag Location: 118 - Data Location: 245 - value: b'John Harrison\x00'
2024-05-20 10:51:36 tag: ExifIFD (34665) - type: long (4) - value: b'\x04\x01\x00\x00'
2024-05-20 10:51:36 tag: GPSInfoIFD (34853) - type: long (4) - value: b'X\x03\x00\x00'
2024-05-20 10:51:37 downloaded_image https://upload.wikimedia.org/wikipedia/commons/e/ed/Pacific_Koel_-_Long_Reef.jpg D:\Projects\BirdClassification\downloads\202405201451372171633.jpg
2024-05-20 10:51:37 prediction D:\Projects\BirdClassification\downloads\202405201451372171633.jpg BAND TAILED GUAN
2024-05-20 10:52:45 downloaded_image https://inaturalist-open-data.s3.amazonaws.com/photos/360494940/original.jpeg D:\Projects\BirdClassification\downloads\202405201452453155151.jpg
2024-05-20 10:52:45 prediction D:\Projects\BirdClassification\downloads\202405201452453155151.jpg CRESTED OROPENDOLA
2024-05-20 10:53:56 downloaded_image https://static.wikia.nocookie.net/naturerules1/images/5/5c/586c4d4a-dcf0-49aa-ad19-1e72dd767393.jpg D:\Projects\BirdClassification\downloads\202405201453565844841.jpg
2024-05-20 10:53:56 prediction D:\Projects\BirdClassification\downloads\202405201453565844841.jpg EGYPTIAN GOOSE
